#
# A fatal error has been detected by the Java Runtime Environment:
#
#  EXCEPTION_ACCESS_VIOLATION (0xc0000005) at pc=0x00000000352cf9df, pid=4968, tid=1544
#
# JRE version: 6.0_17-b04
# Java VM: Java HotSpot(TM) 64-Bit Server VM (14.3-b01 mixed mode windows-amd64 )
# Problematic frame:
# C  0x00000000352cf9df
#
# If you would like to submit a bug report, please visit:
#   http://java.sun.com/webapps/bugreport/crash.jsp
#

---------------  T H R E A D  ---------------

Current thread (0x0000000005ef6800):  GCTaskThread [stack: 0x00000000449f0000,0x00000000489f0000] [id=1544]

siginfo: ExceptionCode=0xc0000005, writing address 0x000000003f530afe

Registers:
EAX=0x000000003f246898, EBX=0x000000003f246898, ECX=0x000000003f2468c8, EDX=0x0000000005fbea20
ESP=0x00000000489ef8d8, EBP=0x0000000006a59f3b, ESI=0x00000000352cf5b8, EDI=0x0000000005fbea20
EIP=0x00000000352cf9df, EFLAGS=0x0000000000010a17

Top of Stack: (sp=0x00000000489ef8d8)
0x00000000489ef8d8:   0000000078c39d54 0000000000000000
0x00000000489ef8e8:   00000000352cf9d8 0000000005fbea20
0x00000000489ef8f8:   0000000005ef0740 0000000005fbea48
0x00000000489ef908:   0000000078c3a0ad 0000000000000000
0x00000000489ef918:   0000000000000000 0000000005fbea20
0x00000000489ef928:   000000003f246898 000000003ef18000
0x00000000489ef938:   0000000000001000 0000000000000000
0x00000000489ef948:   000007fefdb21203 0000000000000000
0x00000000489ef958:   0000000005ef0500 0000000005fbea20
0x00000000489ef968:   0000000005fbea20 000000000eb5182f
0x00000000489ef978:   0000000036595e00 0000000000003de4
0x00000000489ef988:   0000000078c3b7b9 0000000000000048
0x00000000489ef998:   000000000000003d 0000000000000001
0x00000000489ef9a8:   000000003ef1cfc8 0000000000000000
0x00000000489ef9b8:   0000000000000000 0000000000000000
0x00000000489ef9c8:   000000003ef1cfc8 0000000000000000 

Instructions: (pc=0x00000000352cf9df)
0x00000000352cf9cf:   00 a8 62 34 2c 00 00 00 00 05 00 00 00 00 00 00
0x00000000352cf9df:   00 b0 66 a2 2e 00 00 00 00 5b 75 01 00 02 1f 03 


Stack: [0x00000000449f0000,0x00000000489f0000],  sp=0x00000000489ef8d8,  free space=65534k
Native frames: (J=compiled Java code, j=interpreted, Vv=VM code, C=native code)
C  0x00000000352cf9df


---------------  P R O C E S S  ---------------

Java Threads: ( => current thread )
  0x0000000060f92800 JavaThread "Code Analyzer updating thread" [_thread_blocked, id=1356, stack(0x00000000624e0000,0x0000000062560000)]
  0x0000000060f91800 JavaThread "Code Analyzer updating thread" [_thread_blocked, id=2584, stack(0x0000000062010000,0x0000000062090000)]
  0x0000000060f93000 JavaThread "Code Analyzer updating thread" [_thread_blocked, id=3492, stack(0x0000000062130000,0x00000000621b0000)]
  0x0000000059309800 JavaThread "Foxtrot Multi Worker Thread Runner #1" daemon [_thread_blocked, id=4604, stack(0x00000000406a0000,0x0000000040720000)]
  0x0000000059308000 JavaThread "pool-4-thread-1" [_thread_blocked, id=5856, stack(0x0000000028620000,0x00000000286a0000)]
  0x000000005930c800 JavaThread "Active Reference Queue Daemon" daemon [_thread_blocked, id=4512, stack(0x0000000059ef0000,0x0000000059f70000)]
  0x000000005930c000 JavaThread "Timer-21" daemon [_thread_blocked, id=2512, stack(0x0000000028eb0000,0x0000000028f30000)]
  0x000000005930b000 JavaThread "Prefs Updater" daemon [_thread_blocked, id=3100, stack(0x00000000285a0000,0x0000000028620000)]
  0x0000000059307800 JavaThread "Thread-39" [_thread_blocked, id=1732, stack(0x0000000048a30000,0x0000000048ab0000)]
  0x0000000059306800 JavaThread "Timer-6" daemon [_thread_blocked, id=188, stack(0x0000000062220000,0x00000000622a0000)]
  0x0000000059305800 JavaThread "Explorer NavigationContext request queue" [_thread_blocked, id=2988, stack(0x00000000620a0000,0x0000000062120000)]
  0x0000000059304000 JavaThread "AddressBar directory emptiness poller" [_thread_blocked, id=5308, stack(0x0000000059d00000,0x0000000059d80000)]
  0x0000000059303000 JavaThread "Explorer Refresh Service 1569840413" [_thread_blocked, id=2040, stack(0x000000005c950000,0x000000005c9d0000)]
  0x0000000059301800 JavaThread "Timer-1" daemon [_thread_blocked, id=6092, stack(0x000000000f110000,0x000000000f190000)]
  0x0000000059301000 JavaThread "TimerQueue" daemon [_thread_blocked, id=5932, stack(0x000000000f1a0000,0x000000000f220000)]
  0x00000000592fe000 JavaThread "Thread-5" daemon [_thread_blocked, id=2428, stack(0x000000000f040000,0x000000000f0c0000)]
  0x0000000059300000 JavaThread "FelixPackageAdmin" daemon [_thread_blocked, id=5920, stack(0x0000000059fc0000,0x000000005a040000)]
  0x00000000592ff800 JavaThread "FelixStartLevel" daemon [_thread_blocked, id=4728, stack(0x0000000018fe0000,0x0000000019060000)]
  0x00000000592ff000 JavaThread "FelixDispatchQueue" daemon [_thread_blocked, id=1428, stack(0x0000000059da0000,0x0000000059e20000)]
  0x0000000058eea800 JavaThread "AWT-EventQueue-0" [_thread_blocked, id=4276, stack(0x0000000059c30000,0x0000000059cb0000)]
  0x0000000058d9b800 JavaThread "com.google.common.base.internal.Finalizer" daemon [_thread_blocked, id=5616, stack(0x00000000448e0000,0x0000000044960000)]
  0x0000000058c5c000 JavaThread "AWT-Windows" daemon [_thread_in_native, id=5636, stack(0x0000000008e90000,0x0000000008f10000)]
  0x0000000058c5b000 JavaThread "AWT-Shutdown" [_thread_blocked, id=5964, stack(0x0000000010e50000,0x0000000010ed0000)]
  0x000000000ec08800 JavaThread "Java2D Disposer" daemon [_thread_blocked, id=5108, stack(0x0000000008f10000,0x0000000008f90000)]
  0x000000000fe32000 JavaThread "Timer-0" [_thread_blocked, id=604, stack(0x0000000008d10000,0x0000000008d90000)]
  0x000000000fdaa800 JavaThread "EventMgr Dispatcher" daemon [_thread_in_native, id=2236, stack(0x0000000009260000,0x000000000d260000)]
  0x000000000ec60800 JavaThread "Low Memory Detector" daemon [_thread_blocked, id=1300, stack(0x000000000ef10000,0x000000000ef90000)]
  0x000000000ec5e800 JavaThread "CompilerThread1" daemon [_thread_blocked, id=3504, stack(0x0000000050ae0000,0x0000000054ae0000)]
  0x000000000ec56800 JavaThread "CompilerThread0" daemon [_thread_blocked, id=5944, stack(0x000000004cae0000,0x0000000050ae0000)]
  0x000000000ec56000 JavaThread "Attach Listener" daemon [_thread_blocked, id=1124, stack(0x000000000da10000,0x000000000da90000)]
  0x000000000ebfd800 JavaThread "Finalizer" daemon [_thread_blocked, id=1712, stack(0x000000000ee10000,0x000000000ee90000)]
  0x000000000ebf5000 JavaThread "Reference Handler" daemon [_thread_blocked, id=3260, stack(0x000000000ee90000,0x000000000ef10000)]
  0x0000000005ffe800 JavaThread "main" [_thread_blocked, id=1268, stack(0x00000000000c0000,0x00000000040c0000)]

Other Threads:
  0x000000000ebf1000 VMThread [stack: 0x0000000048ae0000,0x000000004cae0000] [id=5104]
  0x000000000ecad000 WatcherThread [stack: 0x0000000054ae0000,0x0000000058ae0000] [id=6048]

=>0x0000000005ef6800 (exited) GCTaskThread [stack: 0x00000000449f0000,0x00000000489f0000] [id=1544]

VM state:at safepoint (normal execution)

VM Mutex/Monitor currently owned by a thread:  ([mutex/lock_event])
[0x0000000005eea660] Threads_lock - owner thread: 0x000000000ebf1000
[0x0000000005eeab60] Heap_lock - owner thread: 0x0000000005ffe800

Heap
 PSYoungGen      total 25984K, used 25984K [0x000000003d590000, 0x000000003f2e0000, 0x0000000040690000)
  eden space 24256K, 100% used [0x000000003d590000,0x000000003ed40000,0x000000003ed40000)
  from space 1728K, 100% used [0x000000003f130000,0x000000003f2e0000,0x000000003f2e0000)
  to   space 2560K, 60% used [0x000000003ede0000,0x000000003ef60000,0x000000003f060000)
 PSOldGen        total 150528K, used 91202K [0x0000000034290000, 0x000000003d590000, 0x000000003d590000)
  object space 150528K, 60% used [0x0000000034290000,0x0000000039ba09d0,0x000000003d590000)
 PSPermGen       total 123200K, used 73638K [0x000000002c290000, 0x0000000033ae0000, 0x0000000034290000)
  object space 123200K, 59% used [0x000000002c290000,0x0000000030a79ae0,0x0000000033ae0000)

Dynamic libraries:
0x000000013f710000 - 0x000000013f73d000 	C:\Program Files\MATLAB\R2012b\bin\win64\MATLAB.exe
0x0000000077b00000 - 0x0000000077ca9000 	C:\Windows\SYSTEM32\ntdll.dll
0x00000000779e0000 - 0x0000000077aff000 	C:\Windows\system32\kernel32.dll
0x000007fefdb20000 - 0x000007fefdb8c000 	C:\Windows\system32\KERNELBASE.dll
0x0000000074460000 - 0x000000007451f000 	C:\Program Files\MATLAB\R2012b\bin\win64\libut.dll
0x00000000758a0000 - 0x000000007595c000 	C:\Program Files\MATLAB\R2012b\bin\win64\libmwi18n.dll
0x0000000180000000 - 0x000000018000b000 	C:\Program Files\MATLAB\R2012b\bin\win64\libmwresource_core.dll
0x000000005cfd0000 - 0x000000005d0a3000 	C:\Windows\WinSxS\amd64_microsoft.vc90.crt_1fc8b3b9a1e18e3b_9.0.30729.6161_none_08e61857a83bc251\MSVCP90.dll
0x000000006e950000 - 0x000000006e9f3000 	C:\Windows\WinSxS\amd64_microsoft.vc90.crt_1fc8b3b9a1e18e3b_9.0.30729.6161_none_08e61857a83bc251\MSVCR90.dll
0x000000007a170000 - 0x000000007a19c000 	C:\Program Files\MATLAB\R2012b\bin\win64\boost_filesystem-vc90-mt-1_44.dll
0x000000007a560000 - 0x000000007a569000 	C:\Program Files\MATLAB\R2012b\bin\win64\boost_system-vc90-mt-1_44.dll
0x000007feffd00000 - 0x000007feffddb000 	C:\Windows\system32\ADVAPI32.dll
0x000007feffc60000 - 0x000007feffcff000 	C:\Windows\system32\msvcrt.dll
0x000007fefe550000 - 0x000007fefe56f000 	C:\Windows\SYSTEM32\sechost.dll
0x000007fefdc70000 - 0x000007fefdd9d000 	C:\Windows\system32\RPCRT4.dll
0x000000007a010000 - 0x000000007a035000 	C:\Program Files\MATLAB\R2012b\bin\win64\LIBEXPAT.dll
0x00000000626b0000 - 0x00000000628a1000 	C:\Program Files\MATLAB\R2012b\bin\win64\icuin44.dll
0x000000005ce50000 - 0x000000005cfc1000 	C:\Program Files\MATLAB\R2012b\bin\win64\icuuc44.dll
0x0000000010000000 - 0x0000000010e41000 	C:\Program Files\MATLAB\R2012b\bin\win64\icudt44.dll
0x0000000073f70000 - 0x000000007411d000 	C:\Program Files\MATLAB\R2012b\bin\win64\libmwfl.dll
0x0000000004310000 - 0x00000000046c6000 	C:\Program Files\MATLAB\R2012b\bin\win64\libmwMATLAB_res.dll
0x000000007a3b0000 - 0x000000007a3c0000 	C:\Program Files\MATLAB\R2012b\bin\win64\boost_date_time-vc90-mt-1_44.dll
0x000000007a250000 - 0x000000007a263000 	C:\Program Files\MATLAB\R2012b\bin\win64\boost_signals-vc90-mt-1_44.dll
0x000000007a2d0000 - 0x000000007a2e2000 	C:\Program Files\MATLAB\R2012b\bin\win64\boost_thread-vc90-mt-1_44.dll
0x00000000046d0000 - 0x000000000478d000 	C:\Program Files\MATLAB\R2012b\bin\win64\boost_log-vc90-mt-1_44.dll
0x0000000077cd0000 - 0x0000000077cd7000 	C:\Windows\system32\PSAPI.DLL
0x000007fefed00000 - 0x000007fefed4d000 	C:\Windows\system32\WS2_32.dll
0x000007fefe540000 - 0x000007fefe548000 	C:\Windows\system32\NSI.dll
0x00000000041b0000 - 0x00000000041f6000 	C:\Program Files\MATLAB\R2012b\bin\win64\tbb.dll
0x000007fefe300000 - 0x000007fefe319000 	C:\Windows\system32\imagehlp.dll
0x0000000072db0000 - 0x0000000072dc3000 	C:\Program Files\MATLAB\R2012b\bin\win64\icuio44.dll
0x000007fef6840000 - 0x000007fef6965000 	C:\Windows\system32\dbghelp.dll
0x00000000778e0000 - 0x00000000779da000 	C:\Windows\system32\USER32.dll
0x000007feffbf0000 - 0x000007feffc57000 	C:\Windows\system32\GDI32.dll
0x000007fefe320000 - 0x000007fefe32e000 	C:\Windows\system32\LPK.dll
0x000007fefec30000 - 0x000007fefecf9000 	C:\Windows\system32\USP10.dll
0x00000000047a0000 - 0x0000000004a7c000 	C:\Program Files\MATLAB\R2012b\bin\win64\libmwservices.dll
0x0000000075a20000 - 0x0000000075af3000 	C:\Program Files\MATLAB\R2012b\bin\win64\libmx.dll
0x0000000004aa0000 - 0x0000000004ac9000 	C:\Program Files\MATLAB\R2012b\bin\win64\tbbmalloc.dll
0x000000007a210000 - 0x000000007a228000 	C:\Program Files\MATLAB\R2012b\bin\win64\zlib1.dll
0x0000000004af0000 - 0x0000000004b3d000 	C:\Program Files\MATLAB\R2012b\bin\win64\libmwregexp.dll
0x0000000004b50000 - 0x0000000004b73000 	C:\Program Files\MATLAB\R2012b\bin\win64\libmwmfl_scalar.dll
0x0000000075f10000 - 0x0000000075f60000 	C:\Program Files\MATLAB\R2012b\bin\win64\mpath.dll
0x000000007b680000 - 0x000000007bc9a000 	C:\Program Files\MATLAB\R2012b\bin\win64\mlutil.dll
0x00000000754d0000 - 0x0000000075551000 	C:\Program Files\MATLAB\R2012b\bin\win64\xmlcore.dll
0x0000000004bc0000 - 0x0000000004e13000 	C:\Program Files\MATLAB\R2012b\bin\win64\xerces-c_2_7.dll
0x0000000004e30000 - 0x0000000004e50000 	C:\Program Files\MATLAB\R2012b\bin\win64\libmwMATLAB_settings_res.dll
0x0000000004e60000 - 0x0000000004e70000 	C:\Program Files\MATLAB\R2012b\bin\win64\boost_iostreams-vc90-mt-1_44.dll
0x0000000004e80000 - 0x0000000004ec7000 	C:\Program Files\MATLAB\R2012b\bin\win64\boost_serialization-vc90-mt-1_44.dll
0x000007fefee60000 - 0x000007feffbe9000 	C:\Windows\system32\SHELL32.dll
0x000007fefead0000 - 0x000007fefeb41000 	C:\Windows\system32\SHLWAPI.dll
0x000007fefa150000 - 0x000007fefa1f0000 	C:\Windows\WinSxS\amd64_microsoft.windows.common-controls_6595b64144ccf1df_5.82.7601.18837_none_a4d981ff711297b6\COMCTL32.dll
0x000007fefe080000 - 0x000007fefe117000 	C:\Windows\system32\COMDLG32.dll
0x000007fefb320000 - 0x000007fefb336000 	C:\Windows\system32\NETAPI32.dll
0x000007fefb310000 - 0x000007fefb31c000 	C:\Windows\system32\netutils.dll
0x000007fefd370000 - 0x000007fefd393000 	C:\Windows\system32\srvcli.dll
0x000007fefb2f0000 - 0x000007fefb305000 	C:\Windows\system32\wkscli.dll
0x000007fefe330000 - 0x000007fefe533000 	C:\Windows\system32\ole32.dll
0x000007fefeb50000 - 0x000007fefec27000 	C:\Windows\system32\OLEAUT32.dll
0x0000000074970000 - 0x0000000074a31000 	C:\Program Files\MATLAB\R2012b\bin\win64\mcr.dll
0x0000000075000000 - 0x00000000753e9000 	C:\Program Files\MATLAB\R2012b\bin\win64\iqm.dll
0x0000000074e80000 - 0x0000000074f38000 	C:\Program Files\MATLAB\R2012b\bin\win64\m_dispatcher.dll
0x0000000074880000 - 0x000000007496d000 	C:\Program Files\MATLAB\R2012b\bin\win64\boost_regex-vc90-mt-1_44.dll
0x000007fee8f40000 - 0x000007fee97b1000 	C:\Program Files\MATLAB\R2012b\bin\win64\m_interpreter.dll
0x000000006e390000 - 0x000000006e3b7000 	C:\Program Files\MATLAB\R2012b\bin\win64\libmex.dll
0x0000000062620000 - 0x00000000626a4000 	C:\Program Files\MATLAB\R2012b\bin\win64\profiler.dll
0x0000000004f50000 - 0x00000000051ba000 	C:\Program Files\MATLAB\R2012b\bin\win64\libmwmathutil.dll
0x0000000079f40000 - 0x0000000079f6e000 	C:\Program Files\MATLAB\R2012b\bin\win64\libmwmathrng.dll
0x00000000051e0000 - 0x00000000051f2000 	C:\Program Files\MATLAB\R2012b\bin\win64\libmwmfl_rng.dll
0x0000000074c10000 - 0x0000000074cee000 	C:\Program Files\MATLAB\R2012b\bin\win64\libmwmathcore.dll
0x0000000076160000 - 0x00000000761ca000 	C:\Program Files\MATLAB\R2012b\bin\win64\libmwspmatrix.dll
0x0000000075ea0000 - 0x0000000075f02000 	C:\Program Files\MATLAB\R2012b\bin\win64\libmwcholmod.dll
0x000000007a460000 - 0x000000007a46d000 	C:\Program Files\MATLAB\R2012b\bin\win64\libmwamd.dll
0x000000007a4b0000 - 0x000000007a4bc000 	C:\Program Files\MATLAB\R2012b\bin\win64\libmwcolamd.dll
0x000000007a290000 - 0x000000007a2a9000 	C:\Program Files\MATLAB\R2012b\bin\win64\libmwblas.dll
0x000000007a310000 - 0x000000007a321000 	C:\Program Files\MATLAB\R2012b\bin\win64\libmwbinder.dll
0x000000007a4d0000 - 0x000000007a4dc000 	C:\Program Files\MATLAB\R2012b\bin\win64\libmwompwrapper.dll
0x0000000005290000 - 0x0000000005315000 	C:\Program Files\MATLAB\R2012b\bin\win64\libmwlapack.dll
0x00000000625f0000 - 0x0000000062611000 	C:\Program Files\MATLAB\R2012b\bin\win64\m_pcodeio.dll
0x0000000079b10000 - 0x0000000079b77000 	C:\Program Files\MATLAB\R2012b\bin\win64\m_ir.dll
0x000000005c2a0000 - 0x000000005c910000 	C:\Program Files\MATLAB\R2012b\bin\win64\m_parser.dll
0x00000000625d0000 - 0x00000000625ea000 	C:\Program Files\MATLAB\R2012b\bin\win64\ir_xfmr.dll
0x000007feea390000 - 0x000007feea626000 	C:\Program Files\MATLAB\R2012b\bin\win64\mcos.dll
0x000000005ce30000 - 0x000000005ce41000 	C:\Program Files\MATLAB\R2012b\bin\win64\mtok.dll
0x000000005cdf0000 - 0x000000005ce21000 	C:\Program Files\MATLAB\R2012b\bin\win64\m_pcodegen.dll
0x0000000079fb0000 - 0x0000000079fe6000 	C:\Program Files\MATLAB\R2012b\bin\win64\libmwbridge.dll
0x000000005cd20000 - 0x000000005cde8000 	C:\Program Files\MATLAB\R2012b\bin\win64\udd.dll
0x000000005cbc0000 - 0x000000005cd12000 	C:\Program Files\MATLAB\R2012b\bin\win64\libmwgui.dll
0x000000005cba0000 - 0x000000005cbb7000 	C:\Program Files\MATLAB\R2012b\bin\win64\graphics_util.dll
0x000000005b840000 - 0x000000005c29f000 	C:\Program Files\MATLAB\R2012b\bin\win64\hg.dll
0x00000000053f0000 - 0x0000000005458000 	C:\Program Files\MATLAB\R2012b\bin\win64\libmat.dll
0x0000000005470000 - 0x0000000005684000 	C:\Program Files\MATLAB\R2012b\bin\win64\hdf5dll.dll
0x0000000075710000 - 0x00000000757de000 	C:\Program Files\MATLAB\R2012b\bin\win64\jmi.dll
0x00000000056b0000 - 0x00000000056bd000 	C:\Program Files\MATLAB\R2012b\bin\win64\nativejava_services.dll
0x000000005cb50000 - 0x000000005cb96000 	C:\Program Files\MATLAB\R2012b\bin\win64\libmwhardcopy.dll
0x000000005cae0000 - 0x000000005cb43000 	C:\Program Files\MATLAB\R2012b\bin\win64\libuij.dll
0x000000005b5d0000 - 0x000000005b834000 	C:\Program Files\MATLAB\R2012b\bin\win64\hgdatatypes.dll
0x000000005b4b0000 - 0x000000005b5cf000 	C:\Program Files\MATLAB\R2012b\bin\win64\hgutils.dll
0x000000005b3f0000 - 0x000000005b4b0000 	C:\Program Files\MATLAB\R2012b\bin\win64\udd_mi.dll
0x0000000005720000 - 0x000000000575b000 	C:\Program Files\MATLAB\R2012b\bin\win64\libmwgbtutils.dll
0x0000000005770000 - 0x000000000578b000 	C:\Program Files\MATLAB\R2012b\bin\win64\libmwgbt.dll
0x00000000057a0000 - 0x0000000005a71000 	C:\Program Files\MATLAB\R2012b\bin\win64\uiw.dll
0x0000000073df0000 - 0x0000000073dff000 	C:\Program Files\MATLAB\R2012b\bin\win64\uinone.dll
0x0000000005aa0000 - 0x0000000005ac9000 	C:\Program Files\MATLAB\R2012b\bin\win64\libmwnativefiledialogs.dll
0x0000000005ae0000 - 0x0000000005ae8000 	C:\Program Files\MATLAB\R2012b\bin\win64\libmwplatform_res.dll
0x000007fef9180000 - 0x000007fef9198000 	C:\Windows\system32\MPR.dll
0x000000005af00000 - 0x000000005b3e4000 	C:\Windows\WinSxS\amd64_microsoft.vc90.mfc_1fc8b3b9a1e18e3b_9.0.30729.6161_none_044aad0bab1eb146\mfc90.dll
0x000007fefa250000 - 0x000007fefa257000 	C:\Windows\system32\MSIMG32.dll
0x000007fefa0d0000 - 0x000007fefa141000 	C:\Windows\system32\WINSPOOL.DRV
0x000000005cab0000 - 0x000000005cad2000 	C:\Program Files\MATLAB\R2012b\bin\win64\mwoles05.DLL
0x000000005ae80000 - 0x000000005aefd000 	C:\Program Files\MATLAB\R2012b\bin\win64\comcli.dll
0x000000005ca80000 - 0x000000005caaf000 	C:\Windows\WinSxS\amd64_microsoft.vc90.atl_1fc8b3b9a1e18e3b_9.0.30729.6161_none_0a1fd3a3a768b895\ATL90.DLL
0x0000000072da0000 - 0x0000000072dac000 	C:\Program Files\MATLAB\R2012b\bin\win64\mlautoregister.dll
0x000007fefd6f0000 - 0x000007fefd747000 	C:\Windows\system32\apphelp.dll
0x000007fef51c0000 - 0x000007fef5211000 	C:\Windows\AppPatch\AppPatch64\AcGenral.DLL
0x000007fefd6c0000 - 0x000007fefd6e5000 	C:\Windows\system32\SspiCli.dll
0x00000000700e0000 - 0x00000000700e3000 	C:\Windows\system32\sfc.dll
0x000007fef5290000 - 0x000007fef52a0000 	C:\Windows\system32\sfc_os.DLL
0x000007fefdbf0000 - 0x000007fefdc0e000 	C:\Windows\system32\USERENV.dll
0x000007fefd8c0000 - 0x000007fefd8cf000 	C:\Windows\system32\profapi.dll
0x000007fefbb70000 - 0x000007fefbb88000 	C:\Windows\system32\dwmapi.dll
0x000007feffde0000 - 0x000007feffe0e000 	C:\Windows\system32\IMM32.DLL
0x000007fefed50000 - 0x000007fefee59000 	C:\Windows\system32\MSCTF.dll
0x000007fefbfd0000 - 0x000007fefc026000 	C:\Windows\system32\UxTheme.dll
0x000000006e380000 - 0x000000006e38d000 	C:\Windows\WinSxS\amd64_microsoft.vc90.mfcloc_1fc8b3b9a1e18e3b_9.0.30729.6161_none_01c9581e60cbee58\MFC90ENU.DLL
0x0000000005b80000 - 0x0000000005b92000 	C:\Program Files\Logitech\SetPoint\GameHook.dll
0x0000000005bc0000 - 0x0000000005bd1000 	C:\Program Files\Logitech\SetPoint\lgscroll.dll
0x000000006f600000 - 0x000000006f6c9000 	C:\Windows\WinSxS\amd64_microsoft.vc80.crt_1fc8b3b9a1e18e3b_8.0.50727.6229_none_88dcc0bf2fb1b808\MSVCR80.dll

VM Arguments:
jvm_args: -Xss512k -XX:PermSize=32m -Xms64m -XX:NewRatio=3 -XX:MaxPermSize=128m -Xmx196m -XX:MaxDirectMemorySize=2147400000 -Dsun.java2d.noddraw=true -Dsun.awt.nopixfmt=true -Xshare:off -Xrs -Dsun.awt.disableMixing=true -Djava.library.path=C:\Program Files\MATLAB\R2012b\bin\win64;C:\Program Files\MATLAB\R2012b\sys\jxbrowser\win64\lib vfprintf abort 
java_command: <unknown>
Launcher Type: generic

Environment Variables:
PATH=C:\Program Files\Common Files\Microsoft Shared\Windows Live;C:\Program Files (x86)\Common Files\Microsoft Shared\Windows Live;C:\Program Files (x86)\Qucs\bin;C:\ProgramData\Oracle\Java\javapath;C:\Windows\system32;C:\Windows;C:\Windows\System32\Wbem;C:\Windows\System32\WindowsPowerShell\v1.0\;C:\Program Files\MATLAB\R2012b\runtime\win64;C:\Program Files\MATLAB\R2012b\bin;C:\Program Files (x86)\Windows Kits\8.1\Windows Performance Toolkit\;C:\Program Files\Microsoft SQL Server\110\Tools\Binn\;C:\Program Files (x86)\Microsoft SDKs\TypeScript\1.0\;C:\Program Files\TortoiseSVN\bin;C:\Program Files (x86)\mingw32\bin;c:\iverilog\bin;c:\iverilog\gtkwave\bin;C:\Program Files (x86)\Windows Live\Shared;C:\Program Files\Microsoft Windows Performance Toolkit\;C:\Program Files\Intel\WiFi\bin\;C:\Program Files\Common Files\Intel\WirelessCommon\;C:\Program Files (x86)\NVIDIA Corporation\PhysX\Common;C:\Program Files\Calibre2\;C:\Program Files (x86)\Brackets\command;C:\Program Files (x86)\Skype\Phone\;C:\Program Files (x86)\Atmel\Flip 3.4.7\bin;C:\Program Files\Intel\WiFi\bin\;C:\Program Files\Common Files\Intel\WirelessCommon\
USERNAME=Esposch
OS=Windows_NT
PROCESSOR_IDENTIFIER=Intel64 Family 6 Model 15 Stepping 11, GenuineIntel



---------------  S Y S T E M  ---------------

OS: Windows 7 Build 7601 Service Pack 1

CPU:total 2 (2 cores per cpu, 1 threads per core) family 6 model 15 stepping 11, cmov, cx8, fxsr, mmx, sse, sse2, sse3, ssse3

Memory: 4k page, physical 8387696k(3509800k free), swap 16773552k(11408064k free)

vm_info: Java HotSpot(TM) 64-Bit Server VM (14.3-b01) for windows-amd64 JRE (1.6.0_17-b04), built on Oct 11 2009 00:46:08 by "java_re" with MS VC++ 8.0

time: Fri Jan 29 23:06:01 2016
elapsed time: 2766 seconds

